Determining if the pthread_create exist failed with the following output:
Change Dir: /home/texs/Documents/Repositorios/point_cloud_reconstruction/without_deep_learning/build2/CMakeFiles/CMakeTmp

Run Build Command:"/usr/bin/make" "cmTC_a2f9d/fast"
/usr/bin/make -f CMakeFiles/cmTC_a2f9d.dir/build.make CMakeFiles/cmTC_a2f9d.dir/build
make[1]: Entering directory '/home/texs/Documents/Repositorios/point_cloud_reconstruction/without_deep_learning/build2/CMakeFiles/CMakeTmp'
Building C object CMakeFiles/cmTC_a2f9d.dir/CheckSymbolExists.c.o
/usr/bin/cc    -o CMakeFiles/cmTC_a2f9d.dir/CheckSymbolExists.c.o   -c /home/texs/Documents/Repositorios/point_cloud_reconstruction/without_deep_learning/build2/CMakeFiles/CMakeTmp/CheckSymbolExists.c
Linking C executable cmTC_a2f9d
/usr/bin/cmake -E cmake_link_script CMakeFiles/cmTC_a2f9d.dir/link.txt --verbose=1
/usr/bin/cc      -rdynamic CMakeFiles/cmTC_a2f9d.dir/CheckSymbolExists.c.o  -o cmTC_a2f9d 
CMakeFiles/cmTC_a2f9d.dir/CheckSymbolExists.c.o: In function `main':
CheckSymbolExists.c:(.text+0x1b): undefined reference to `pthread_create'
collect2: error: ld returned 1 exit status
CMakeFiles/cmTC_a2f9d.dir/build.make:97: recipe for target 'cmTC_a2f9d' failed
make[1]: *** [cmTC_a2f9d] Error 1
make[1]: Leaving directory '/home/texs/Documents/Repositorios/point_cloud_reconstruction/without_deep_learning/build2/CMakeFiles/CMakeTmp'
Makefile:126: recipe for target 'cmTC_a2f9d/fast' failed
make: *** [cmTC_a2f9d/fast] Error 2

File /home/texs/Documents/Repositorios/point_cloud_reconstruction/without_deep_learning/build2/CMakeFiles/CMakeTmp/CheckSymbolExists.c:
/* */
#include <pthread.h>

int main(int argc, char** argv)
{
  (void)argv;
#ifndef pthread_create
  return ((int*)(&pthread_create))[argc];
#else
  (void)argc;
  return 0;
#endif
}

Determining if the function pthread_create exists in the pthreads failed with the following output:
Change Dir: /home/texs/Documents/Repositorios/point_cloud_reconstruction/without_deep_learning/build2/CMakeFiles/CMakeTmp

Run Build Command:"/usr/bin/make" "cmTC_4bdd9/fast"
/usr/bin/make -f CMakeFiles/cmTC_4bdd9.dir/build.make CMakeFiles/cmTC_4bdd9.dir/build
make[1]: Entering directory '/home/texs/Documents/Repositorios/point_cloud_reconstruction/without_deep_learning/build2/CMakeFiles/CMakeTmp'
Building C object CMakeFiles/cmTC_4bdd9.dir/CheckFunctionExists.c.o
/usr/bin/cc   -DCHECK_FUNCTION_EXISTS=pthread_create   -o CMakeFiles/cmTC_4bdd9.dir/CheckFunctionExists.c.o   -c /usr/share/cmake-3.10/Modules/CheckFunctionExists.c
Linking C executable cmTC_4bdd9
/usr/bin/cmake -E cmake_link_script CMakeFiles/cmTC_4bdd9.dir/link.txt --verbose=1
/usr/bin/cc  -DCHECK_FUNCTION_EXISTS=pthread_create    -rdynamic CMakeFiles/cmTC_4bdd9.dir/CheckFunctionExists.c.o  -o cmTC_4bdd9 -lpthreads 
/usr/bin/ld: cannot find -lpthreads
collect2: error: ld returned 1 exit status
CMakeFiles/cmTC_4bdd9.dir/build.make:97: recipe for target 'cmTC_4bdd9' failed
make[1]: *** [cmTC_4bdd9] Error 1
make[1]: Leaving directory '/home/texs/Documents/Repositorios/point_cloud_reconstruction/without_deep_learning/build2/CMakeFiles/CMakeTmp'
Makefile:126: recipe for target 'cmTC_4bdd9/fast' failed
make: *** [cmTC_4bdd9/fast] Error 2


